Traceback (most recent call last):
  File "/home/baghreut/ims.ac/passenger_wsgi.py", line 16, in <module>
    from UrlShortner.wsgi import application
  File "/home/baghreut/ims.ac/UrlShortner/wsgi.py", line 12, in <module>
    from django.core.wsgi import get_wsgi_application
ModuleNotFoundError: No module named 'django'
Traceback (most recent call last):
  File "/home/baghreut/ims.ac/passenger_wsgi.py", line 16, in <module>
    from UrlShortner.wsgi import application
  File "/home/baghreut/ims.ac/UrlShortner/wsgi.py", line 12, in <module>
    from django.core.wsgi import get_wsgi_application
ModuleNotFoundError: No module named 'django'
Traceback (most recent call last):
  File "/home/baghreut/ims.ac/passenger_wsgi.py", line 16, in <module>
    from UrlShortner.wsgi import application
  File "/home/baghreut/ims.ac/UrlShortner/wsgi.py", line 12, in <module>
    from django.core.wsgi import get_wsgi_application
ModuleNotFoundError: No module named 'django'
Traceback (most recent call last):
  File "/home/baghreut/ims.ac/passenger_wsgi.py", line 16, in <module>
    from UrlShortner.wsgi import application
  File "/home/baghreut/ims.ac/UrlShortner/wsgi.py", line 12, in <module>
    from django.core.wsgi import get_wsgi_application
ModuleNotFoundError: No module named 'django'
OSError: LSAPI: File error
OSError: LSAPI: File error
